The system is: Windows - 10.0.19045 - AMD64
Compiling the C compiler identification source file "CMakeCCompilerId.c" succeeded.
Compiler: F:/programInstall/CLion 2022.3.1/bin/mingw/bin/gcc.exe 
Build flags: 
Id flags:  

The output was:
0


Compilation of the C compiler identification source "CMakeCCompilerId.c" produced "a.exe"

The C compiler identification is GNU, found in "D:/FCAI/level4_ first trem/compilers/assignment3/Analyzing/cmake-build-debug/CMakeFiles/3.24.2/CompilerIdC/a.exe"

Compiling the CXX compiler identification source file "CMakeCXXCompilerId.cpp" succeeded.
Compiler: F:/programInstall/CLion 2022.3.1/bin/mingw/bin/g++.exe 
Build flags: 
Id flags:  

The output was:
0


Compilation of the CXX compiler identification source "CMakeCXXCompilerId.cpp" produced "a.exe"

The CXX compiler identification is GNU, found in "D:/FCAI/level4_ first trem/compilers/assignment3/Analyzing/cmake-build-debug/CMakeFiles/3.24.2/CompilerIdCXX/a.exe"

Determining if the C compiler works passed with the following output:
Change Dir: D:/FCAI/level4_ first trem/compilers/assignment3/Analyzing/cmake-build-debug/CMakeFiles/CMakeTmp

Run Build Command(s):F:/programInstall/CLion 2022.3.1/bin/ninja/win/ninja.exe cmTC_bf27a && [1/2] Building C object CMakeFiles/cmTC_bf27a.dir/testCCompiler.c.obj
[2/2] Linking C executable cmTC_bf27a.exe



Determining if the CXX compiler works passed with the following output:
Change Dir: D:/FCAI/level4_ first trem/compilers/assignment3/Analyzing/cmake-build-debug/CMakeFiles/CMakeTmp

Run Build Command(s):F:/programInstall/CLion 2022.3.1/bin/ninja/win/ninja.exe cmTC_759b2 && [1/2] Building CXX object CMakeFiles/cmTC_759b2.dir/testCXXCompiler.cxx.obj
[2/2] Linking CXX executable cmTC_759b2.exe



